This is pdfTeX, Version 3.14159265-2.6-1.40.20 (TeX Live 2019/Debian) (preloaded format=latex 2022.1.12)  22 APR 2023 22:28
entering extended mode
 restricted \write18 enabled.
 %&-line parsing enabled.
**publications_en.bib
(./publications_en.bib
LaTeX2e <2020-02-02> patch level 2
L3 programming layer <2020-02-14>

! LaTeX Error: Missing \begin{document}.

See the LaTeX manual or LaTeX Companion for explanation.
Type  H <return>  for immediate help.
 ...                                              
                                                  
l.1 @
     article{titulo,
? :q
Type <return> to proceed, S to scroll future error messages,
R to run without stopping, Q to run quietly,
I to insert something, E to edit your file,
1 or ... or 9 to ignore the next 1 to 9 tokens of input,
H for help, X to quit.
? 
! Interruption.
\GenericError  ...                                
                                                  \endgroup 
l.1 @
     article{titulo,
? 
Missing character: There is no @ in font nullfont!
Missing character: There is no a in font nullfont!
Missing character: There is no r in font nullfont!
Missing character: There is no t in font nullfont!
Missing character: There is no i in font nullfont!
Missing character: There is no c in font nullfont!
Missing character: There is no l in font nullfont!
Missing character: There is no e in font nullfont!
Missing character: There is no t in font nullfont!
Missing character: There is no i in font nullfont!
Missing character: There is no t in font nullfont!
Missing character: There is no u in font nullfont!
Missing character: There is no l in font nullfont!
Missing character: There is no o in font nullfont!
Missing character: There is no , in font nullfont!
Missing character: There is no a in font nullfont!
Missing character: There is no u in font nullfont!
Missing character: There is no t in font nullfont!
Missing character: There is no h in font nullfont!
Missing character: There is no o in font nullfont!
Missing character: There is no r in font nullfont!
Missing character: There is no = in font nullfont!
Missing character: There is no , in font nullfont!
Missing character: There is no y in font nullfont!
Missing character: There is no e in font nullfont!
Missing character: There is no a in font nullfont!
Missing character: There is no r in font nullfont!
Missing character: There is no = in font nullfont!
Missing character: There is no , in font nullfont!
Missing character: There is no t in font nullfont!
Missing character: There is no i in font nullfont!
Missing character: There is no t in font nullfont!
Missing character: There is no l in font nullfont!
Missing character: There is no e in font nullfont!
Missing character: There is no = in font nullfont!
Missing character: There is no , in font nullfont!
Missing character: There is no j in font nullfont!
Missing character: There is no o in font nullfont!
Missing character: There is no u in font nullfont!
Missing character: There is no r in font nullfont!
Missing character: There is no n in font nullfont!
Missing character: There is no a in font nullfont!
Missing character: There is no l in font nullfont!
Missing character: There is no = in font nullfont!
Missing character: There is no , in font nullfont!

Overfull \hbox (20.0pt too wide) in paragraph at lines 1--7
[]
 []


Overfull \hbox (17.72908pt too wide) in paragraph at lines 1--7
\OT1/cmr/bx/n/10 Re-
 []


Overfull \hbox (31.3137pt too wide) in paragraph at lines 1--7
\OT1/cmr/bx/n/10 search
 []


Overfull \hbox (14.15964pt too wide) in paragraph at lines 1--7
\OT1/cmr/bx/n/10 ar-
 []


Overfull \hbox (11.49994pt too wide) in paragraph at lines 1--7
\OT1/cmr/bx/n/10 ti-
 []


Overfull \hbox (18.1124pt too wide) in paragraph at lines 1--7
\OT1/cmr/bx/n/10 cles
 []


Overfull \hbox (9.58328pt too wide) in paragraph at lines 1--7
\OT1/cmr/bx/n/10 in
 []


Overfull \hbox (22.87488pt too wide) in paragraph at lines 1--7
\OT1/cmr/bx/n/10 JCR
 []


Overfull \hbox (24.2221pt too wide) in paragraph at lines 1--7
\OT1/cmr/bx/n/10 jour-
 []


Overfull \hbox (19.70958pt too wide) in paragraph at lines 1--7
\OT1/cmr/bx/n/10 nals
 []


! LaTeX Error: Missing \begin{document}.

See the LaTeX manual or LaTeX Companion for explanation.
Type  H <return>  for immediate help.
 ...                                              
                                                  
l.8 @
     article{victor1,
? 
! Emergency stop.
 ...                                              
                                                  
l.8 @
     article{victor1,
You're in trouble here.  Try typing  <return>  to proceed.
If that doesn't work, type  X <return>  to quit.

 
Here is how much of TeX's memory you used:
 21 strings out of 481240
 583 string characters out of 5920403
 236560 words of memory out of 5000000
 15386 multiletter control sequences out of 15000+600000
 532646 words of font info for 25 fonts, out of 8000000 for 9000
 1141 hyphenation exceptions out of 8191
 13i,1n,15p,98b,65s stack positions out of 5000i,500n,10000p,200000b,80000s
No pages of output.
