This is pdfTeX, Version 3.14159265-2.6-1.40.20 (MiKTeX 2.9.7000 64-bit) (preloaded format=latex 2019.5.15)  15 MAY 2019 17:00
entering extended mode
**publications.bib
(publications.bib
LaTeX2e <2018-12-01>

! LaTeX Error: Missing \begin{document}.

See the LaTeX manual or LaTeX Companion for explanation.
Type  H <return>  for immediate help.
 ...                                              
                                                  
l.1 @
     article{titulo,
? 
! Emergency stop.
 ...                                              
                                                  
l.1 @
     article{titulo,
You're in trouble here.  Try typing  <return>  to proceed.
If that doesn't work, type  X <return>  to quit.

 
Here is how much of TeX's memory you used:
 9 strings out of 492896
 331 string characters out of 3133496
 57471 words of memory out of 3000000
 4023 multiletter control sequences out of 15000+200000
 3640 words of font info for 14 fonts, out of 3000000 for 9000
 1141 hyphenation exceptions out of 8191
 5i,0n,4p,36b,14s stack positions out of 5000i,500n,10000p,200000b,50000s
No pages of output.
